<?xml version="1.0" encoding="UTF-8"?>
<!-- Generated by org.testng.reporters.JUnitReportReporter -->
<testsuite hostname="LAPTOP-HNISKABK" failures="0" tests="1" name="com.qa.cogmento.tests.CreateNewContactTest" time="0.000" errors="0" timestamp="2021-07-07T18:15:22 IST" skipped="1">
  <testcase classname="com.qa.cogmento.tests.CreateNewContactTest" name="createNewContactTest" time="0.000">
    <skipped/>
  </testcase> <!-- createNewContactTest -->
  <system-out/>
</testsuite> <!-- com.qa.cogmento.tests.CreateNewContactTest -->
