<?xml version="1.0" encoding="UTF-8"?>
<!-- Generated by org.testng.reporters.JUnitReportReporter -->
<testsuite hostname="LAPTOP-HNISKABK" failures="0" tests="5" name="com.qa.cogmento.tests.HomePageTest" time="2.214" errors="0" timestamp="2021-07-05T08:59:23 IST" skipped="0">
  <testcase classname="com.qa.cogmento.tests.HomePageTest" name="VerifyHomePageSectionsTest" time="0.085"/>
  <system-out/>
  <testcase classname="com.qa.cogmento.tests.HomePageTest" name="VerifyHomePageTitleTest" time="0.006"/>
  <system-out/>
  <testcase classname="com.qa.cogmento.tests.HomePageTest" name="VerifySectionHeaderSizeTest" time="0.012"/>
  <system-out/>
  <testcase classname="com.qa.cogmento.tests.HomePageTest" name="VerifyHomePageLogoIsExistTest" time="2.066"/>
  <system-out/>
  <testcase classname="com.qa.cogmento.tests.HomePageTest" name="VerifyIsLoginUserNameExistTest" time="0.045"/>
  <system-out/>
</testsuite> <!-- com.qa.cogmento.tests.HomePageTest -->
