<?xml version="1.0" encoding="UTF-8"?>
<!-- Generated by org.testng.reporters.JUnitReportReporter -->
<testsuite hostname="LAPTOP-HNISKABK" failures="0" tests="5" name="com.qa.cogmento.tests.LoginPageTest" time="2.324" errors="0" timestamp="2021-07-05T08:59:23 IST" skipped="0">
  <testcase classname="com.qa.cogmento.tests.LoginPageTest" name="verifyLoginPageTitleTest" time="0.007"/>
  <system-out/>
  <testcase classname="com.qa.cogmento.tests.LoginPageTest" name="verifyIsForgotPasswordLinkExistTest" time="0.051"/>
  <system-out/>
  <testcase classname="com.qa.cogmento.tests.LoginPageTest" name="verifyIsSignUpLinkExistTest" time="0.033"/>
  <system-out/>
  <testcase classname="com.qa.cogmento.tests.LoginPageTest" name="verifyToLoginWithInvalidCredentialTest" time="2.046"/>
  <system-out/>
  <testcase classname="com.qa.cogmento.tests.LoginPageTest" name="VerifyToLoginTest" time="0.187"/>
  <system-out/>
</testsuite> <!-- com.qa.cogmento.tests.LoginPageTest -->
