<?xml version="1.0" encoding="UTF-8"?>
<!-- Generated by org.testng.reporters.JUnitReportReporter -->
<testsuite hostname="LAPTOP-HNISKABK" failures="0" tests="3" name="com.qa.cogmento.tests.CompanyPageTest" time="0.190" errors="0" timestamp="2021-07-09T08:52:30 IST" skipped="0">
  <testcase classname="com.qa.cogmento.tests.CompanyPageTest" name="verifyTheNameOfbuttonsTest" time="0.107"/>
  <system-out/>
  <testcase classname="com.qa.cogmento.tests.CompanyPageTest" name="verifyCompanyPageHeaderTest" time="0.056"/>
  <system-out/>
  <testcase classname="com.qa.cogmento.tests.CompanyPageTest" name="verifyTheButtonSizeTest" time="0.027"/>
  <system-out/>
</testsuite> <!-- com.qa.cogmento.tests.CompanyPageTest -->
